Arguments: 
  /data/data/com.termux/files/usr/bin/node /data/data/com.termux/files/usr/share/yarn/bin/yarn.js

PATH: 
  /data/data/com.termux/files/usr/bin

Yarn version: 
  1.22.19

Node version: 
  20.2.0

Platform: 
  android arm64

Trace: 
  Error [ERR_SOCKET_CONNECTION_TIMEOUT]: Socket connection timeout
      at new NodeError (node:internal/errors:399:5)
      at internalConnectMultiple (node:net:1099:20)
      at Timeout.internalConnectMultipleTimeout (node:net:1638:3)
      at listOnTimeout (node:internal/timers:575:11)
      at process.processTimers (node:internal/timers:514:7)

npm manifest: 
  {
    "name": "reybot_vip",
    "version": "2.0.0",
    "main": "index.js",
    "directories": {
      "lib": "lib"
    },
    "scripts": {
      "start": "node index.js"
    },
    "keywords": [],
    "author": "",
    "license": "ISC",
    "description": "",
    "dependencies": {
      "@adiwajshing/keyed-db": "^0.2.4",
      "@whiskeysockets/baileys": "^6.2.1",
      "fluent-ffmpeg": "^2.1.2",
      "jimp": "^0.16.13",
      "link-preview-js": "^3.0.4",
      "node-webpmux": "^3.1.7",
      "qrcode-terminal": "^0.12.0"
    }
  }

yarn manifest: 
  No manifest

Lockfile: 
  No lockfile
